Data_Buffer_ThetaSMO
Buffer_Out_ThetaSMO
Buffer_Out_ThetaAD2S
Buffer_Out_IqDem
Buffer_Out_Iq
Buffer_Out_Id
Buffer_Out_IdDem
n_R
n_Q
Ready_1210
Current_W1
Current_U1
Current_V1
Angle
SMO_A
SMO_K1
SMO_K2
nDem_PI
Uq_VVF
Ud_VVF
LWFf
n_Filter
Us
I_alpha
I_beta
SMO_KP
SMO_KI
V_alpha
V_beta
EMF_alpha
EMF_beta
SMO_uin
LWFDem
nDem
n
SetpointValue
AD_Angle
n_Step
SMO_Theta
SMO_n
TEMP_MCU1
TEMP_MCU2
TEMP_MOT1
TEMP_MOT2
en
uin
un_PI
PK_Kpn
SMO_Slide
SMO_ComP
n_1210
PK_Kin
SMO_Filter
Data_Buffer_ThetaAD2S
IqDem
Id
Data_Buffer_IqDem
uiId
Ud
IdDem
Iq
Data_Buffer_Iq
uiIq
PK_KpIq
Uq
PK_KpId
PK_KiId
PK_KiIq
Data_Buffer_IdDem
Data_Buffer_Id
eLWFf
CPU_Timer
VVF_Frq
IF_Frq
ControlMode
Mid_Position
Buffer_Flag
bFlt_OvrLim_WindingUT
bFlt_OvrLim_WindingVT
bFlt_OvrLim_TempMOST
bFlt_OvrLim_TempUT
bFlt_OvrLim_TempVT
MCU_ST
MCU_IN
Offset_W1
GF_MODE
SCI_Break_Error
TX_DATA
Stop
U1
RMS_Count
RX_DATA
V1
Protect_Flag
SCI_Error
NC1
NC2
bFlt_LWFf
bFlt_Resolver
bFlt_MOST_T
bFlt_WindingUT_Sensor
bFlt_WindingVT_Sensor
bFlt_Winding_I
bFlt_OvrLim_I
bFlt_OvrLim_MOST
W1
ATEMP_MCU1
ATEMP_MCU2
TEMP_Flag
SMO_Flag
Offset_U1
Offset_V1
